# JRE version: 7.0_09-b05
# Java VM: Java HotSpot(TM) 64-Bit Server VM (23.5-b02 mixed mode windows-amd64 compressed oops)
Heap
 PSYoungGen      total 25344K, used 14714K [0x00000000e0b60000, 0x00000000e27d0000, 0x0000000100000000)
  eden space 22912K, 53% used [0x00000000e0b60000,0x00000000e1760cc8,0x00000000e21c0000)
  from space 2432K, 99% used [0x00000000e2570000,0x00000000e27cdc10,0x00000000e27d0000)
  to   space 3072K, 0% used [0x00000000e21d0000,0x00000000e21d0000,0x00000000e24d0000)
 ParOldGen       total 64064K, used 48K [0x00000000a2200000, 0x00000000a6090000, 0x00000000e0b60000)
  object space 64064K, 0% used [0x00000000a2200000,0x00000000a220c000,0x00000000a6090000)
 PSPermGen       total 21248K, used 6446K [0x000000009d000000, 0x000000009e4c0000, 0x00000000a2200000)
  object space 21248K, 30% used [0x000000009d000000,0x000000009d64b868,0x000000009e4c0000)
GC Heap History (10 events):
Event: 79.392 GC heap before
{Heap before GC invocations=2 (full 0):
 PSYoungGen      total 28032K, used 27387K [0x00000000e0b60000, 0x00000000e2aa0000, 0x0000000100000000)
  eden space 24064K, 100% used [0x00000000e0b60000,0x00000000e22e0000,0x00000000e22e0000)
  from space 3968K, 83% used [0x00000000e22e0000,0x00000000e261ee50,0x00000000e26c0000)
  to   space 3968K, 0% used [0x00000000e26c0000,0x00000000e26c0000,0x00000000e2aa0000)
 ParOldGen       total 64064K, used 8K [0x00000000a2200000, 0x00000000a6090000, 0x00000000e0b60000)
  object space 64064K, 0% used [0x00000000a2200000,0x00000000a2202000,0x00000000a6090000)
 PSPermGen       total 21248K, used 6327K [0x000000009d000000, 0x000000009e4c0000, 0x00000000a2200000)
  object space 21248K, 29% used [0x000000009d000000,0x000000009d62deb8,0x000000009e4c0000)
Event: 79.395 GC heap after
Heap after GC invocations=2 (full 0):
 PSYoungGen      total 28032K, used 1818K [0x00000000e0b60000, 0x00000000e2aa0000, 0x0000000100000000)
  eden space 24064K, 0% used [0x00000000e0b60000,0x00000000e0b60000,0x00000000e22e0000)
  from space 3968K, 45% used [0x00000000e26c0000,0x00000000e2886b18,0x00000000e2aa0000)
  to   space 3968K, 0% used [0x00000000e22e0000,0x00000000e22e0000,0x00000000e26c0000)
 ParOldGen       total 64064K, used 24K [0x00000000a2200000, 0x00000000a6090000, 0x00000000e0b60000)
  object space 64064K, 0% used [0x00000000a2200000,0x00000000a2206000,0x00000000a6090000)
 PSPermGen       total 21248K, used 6327K [0x000000009d000000, 0x000000009e4c0000, 0x00000000a2200000)
  object space 21248K, 29% used [0x000000009d000000,0x000000009d62deb8,0x000000009e4c0000)
}
Event: 85.608 GC heap before
{Heap before GC invocations=3 (full 0):
 PSYoungGen      total 28032K, used 25882K [0x00000000e0b60000, 0x00000000e2aa0000, 0x0000000100000000)
  eden space 24064K, 100% used [0x00000000e0b60000,0x00000000e22e0000,0x00000000e22e0000)
  from space 3968K, 45% used [0x00000000e26c0000,0x00000000e2886b18,0x00000000e2aa0000)
  to   space 3968K, 0% used [0x00000000e22e0000,0x00000000e22e0000,0x00000000e26c0000)
 ParOldGen       total 64064K, used 24K [0x00000000a2200000, 0x00000000a6090000, 0x00000000e0b60000)
  object space 64064K, 0% used [0x00000000a2200000,0x00000000a2206000,0x00000000a6090000)
 PSPermGen       total 21248K, used 6377K [0x000000009d000000, 0x000000009e4c0000, 0x00000000a2200000)
  object space 21248K, 30% used [0x000000009d000000,0x000000009d63a5f8,0x000000009e4c0000)
Event: 85.612 GC heap after
Heap after GC invocations=3 (full 0):
 PSYoungGen      total 28032K, used 2006K [0x00000000e0b60000, 0x00000000e2aa0000, 0x0000000100000000)
  eden space 24064K, 0% used [0x00000000e0b60000,0x00000000e0b60000,0x00000000e22e0000)
  from space 3968K, 50% used [0x00000000e22e0000,0x00000000e24d5b00,0x00000000e26c0000)
  to   space 3968K, 0% used [0x00000000e26c0000,0x00000000e26c0000,0x00000000e2aa0000)
 ParOldGen       total 64064K, used 32K [0x00000000a2200000, 0x00000000a6090000, 0x00000000e0b60000)
  object space 64064K, 0% used [0x00000000a2200000,0x00000000a2208000,0x00000000a6090000)
 PSPermGen       total 21248K, used 6377K [0x000000009d000000, 0x000000009e4c0000, 0x00000000a2200000)
  object space 21248K, 30% used [0x000000009d000000,0x000000009d63a5f8,0x000000009e4c0000)
}
Event: 91.874 GC heap before
{Heap before GC invocations=4 (full 0):
 PSYoungGen      total 28032K, used 26070K [0x00000000e0b60000, 0x00000000e2aa0000, 0x0000000100000000)
  eden space 24064K, 100% used [0x00000000e0b60000,0x00000000e22e0000,0x00000000e22e0000)
  from space 3968K, 50% used [0x00000000e22e0000,0x00000000e24d5b00,0x00000000e26c0000)
  to   space 3968K, 0% used [0x00000000e26c0000,0x00000000e26c0000,0x00000000e2aa0000)
 ParOldGen       total 64064K, used 32K [0x00000000a2200000, 0x00000000a6090000, 0x00000000e0b60000)
  object space 64064K, 0% used [0x00000000a2200000,0x00000000a2208000,0x00000000a6090000)
 PSPermGen       total 21248K, used 6405K [0x000000009d000000, 0x000000009e4c0000, 0x00000000a2200000)
  object space 21248K, 30% used [0x000000009d000000,0x000000009d641678,0x000000009e4c0000)
Event: 91.877 GC heap after
Heap after GC invocations=4 (full 0):
 PSYoungGen      total 28032K, used 2166K [0x00000000e0b60000, 0x00000000e2aa0000, 0x0000000100000000)
  eden space 24064K, 0% used [0x00000000e0b60000,0x00000000e0b60000,0x00000000e22e0000)
  from space 3968K, 54% used [0x00000000e26c0000,0x00000000e28ddb00,0x00000000e2aa0000)
  to   space 3968K, 0% used [0x00000000e22e0000,0x00000000e22e0000,0x00000000e26c0000)
 ParOldGen       total 64064K, used 40K [0x00000000a2200000, 0x00000000a6090000, 0x00000000e0b60000)
  object space 64064K, 0% used [0x00000000a2200000,0x00000000a220a000,0x00000000a6090000)
 PSPermGen       total 21248K, used 6405K [0x000000009d000000, 0x000000009e4c0000, 0x00000000a2200000)
  object space 21248K, 30% used [0x000000009d000000,0x000000009d641678,0x000000009e4c0000)
}
Event: 98.329 GC heap before
{Heap before GC invocations=5 (full 0):
 PSYoungGen      total 28032K, used 26230K [0x00000000e0b60000, 0x00000000e2aa0000, 0x0000000100000000)
  eden space 24064K, 100% used [0x00000000e0b60000,0x00000000e22e0000,0x00000000e22e0000)
  from space 3968K, 54% used [0x00000000e26c0000,0x00000000e28ddb00,0x00000000e2aa0000)
  to   space 3968K, 0% used [0x00000000e22e0000,0x00000000e22e0000,0x00000000e26c0000)
 ParOldGen       total 64064K, used 40K [0x00000000a2200000, 0x00000000a6090000, 0x00000000e0b60000)
  object space 64064K, 0% used [0x00000000a2200000,0x00000000a220a000,0x00000000a6090000)
 PSPermGen       total 21248K, used 6415K [0x000000009d000000, 0x000000009e4c0000, 0x00000000a2200000)
  object space 21248K, 30% used [0x000000009d000000,0x000000009d643f20,0x000000009e4c0000)
Event: 98.332 GC heap after
Heap after GC invocations=5 (full 0):
 PSYoungGen      total 25728K, used 2214K [0x00000000e0b60000, 0x00000000e2890000, 0x0000000100000000)
  eden space 23488K, 0% used [0x00000000e0b60000,0x00000000e0b60000,0x00000000e2250000)
  from space 2240K, 98% used [0x00000000e22e0000,0x00000000e2509af0,0x00000000e2510000)
  to   space 3200K, 0% used [0x00000000e2570000,0x00000000e2570000,0x00000000e2890000)
 ParOldGen       total 64064K, used 48K [0x00000000a2200000, 0x00000000a6090000, 0x00000000e0b60000)
  object space 64064K, 0% used [0x00000000a2200000,0x00000000a220c000,0x00000000a6090000)
 PSPermGen       total 21248K, used 6415K [0x000000009d000000, 0x000000009e4c0000, 0x00000000a2200000)
  object space 21248K, 30% used [0x000000009d000000,0x000000009d643f20,0x000000009e4c0000)
}
Event: 104.156 GC heap before
{Heap before GC invocations=6 (full 0):
 PSYoungGen      total 25728K, used 25702K [0x00000000e0b60000, 0x00000000e2890000, 0x0000000100000000)
  eden space 23488K, 100% used [0x00000000e0b60000,0x00000000e2250000,0x00000000e2250000)
  from space 2240K, 98% used [0x00000000e22e0000,0x00000000e2509af0,0x00000000e2510000)
  to   space 3200K, 0% used [0x00000000e2570000,0x00000000e2570000,0x00000000e2890000)
 ParOldGen       total 64064K, used 48K [0x00000000a2200000, 0x00000000a6090000, 0x00000000e0b60000)
  object space 64064K, 0% used [0x00000000a2200000,0x00000000a220c000,0x00000000a6090000)
 PSPermGen       total 21248K, used 6418K [0x000000009d000000, 0x000000009e4c0000, 0x00000000a2200000)
  object space 21248K, 30% used [0x000000009d000000,0x000000009d644850,0x000000009e4c0000)
Event: 104.159 GC heap after
Heap after GC invocations=6 (full 0):
 PSYoungGen      total 25344K, used 2423K [0x00000000e0b60000, 0x00000000e27d0000, 0x0000000100000000)
  eden space 22912K, 0% used [0x00000000e0b60000,0x00000000e0b60000,0x00000000e21c0000)
  from space 2432K, 99% used [0x00000000e2570000,0x00000000e27cdc10,0x00000000e27d0000)
  to   space 3072K, 0% used [0x00000000e21d0000,0x00000000e21d0000,0x00000000e24d0000)
 ParOldGen       total 64064K, used 48K [0x00000000a2200000, 0x00000000a6090000, 0x00000000e0b60000)
  object space 64064K, 0% used [0x00000000a2200000,0x00000000a220c000,0x00000000a6090000)
 PSPermGen       total 21248K, used 6418K [0x000000009d000000, 0x000000009e4c0000, 0x00000000a2200000)
  object space 21248K, 30% used [0x000000009d000000,0x000000009d644850,0x000000009e4c0000)
}

