# JRE version: 7.0_09-b05
# Java VM: Java HotSpot(TM) 64-Bit Server VM (23.5-b02 mixed mode windows-amd64 compressed oops)
Heap
 PSYoungGen      total 6400K, used 6035K [0x00000000e0b60000, 0x00000000e11e0000, 0x0000000100000000)
  eden space 6144K, 95% used [0x00000000e0b60000,0x00000000e111cff0,0x00000000e1160000)
  from space 256K, 62% used [0x00000000e11a0000,0x00000000e11c8000,0x00000000e11e0000)
  to   space 256K, 0% used [0x00000000e1160000,0x00000000e1160000,0x00000000e11a0000)
 ParOldGen       total 64064K, used 12860K [0x00000000a2200000, 0x00000000a6090000, 0x00000000e0b60000)
  object space 64064K, 20% used [0x00000000a2200000,0x00000000a2e8f090,0x00000000a6090000)
 PSPermGen       total 21248K, used 6566K [0x000000009d000000, 0x000000009e4c0000, 0x00000000a2200000)
  object space 21248K, 30% used [0x000000009d000000,0x000000009d669ad8,0x000000009e4c0000)
GC Heap History (10 events):
Event: 481.913 GC heap before
{Heap before GC invocations=172 (full 0):
 PSYoungGen      total 6400K, used 6304K [0x00000000e0b60000, 0x00000000e11e0000, 0x0000000100000000)
  eden space 6144K, 100% used [0x00000000e0b60000,0x00000000e1160000,0x00000000e1160000)
  from space 256K, 62% used [0x00000000e1160000,0x00000000e1188000,0x00000000e11a0000)
  to   space 256K, 0% used [0x00000000e11a0000,0x00000000e11a0000,0x00000000e11e0000)
 ParOldGen       total 64064K, used 12612K [0x00000000a2200000, 0x00000000a6090000, 0x00000000e0b60000)
  object space 64064K, 19% used [0x00000000a2200000,0x00000000a2e51090,0x00000000a6090000)
 PSPermGen       total 21248K, used 6566K [0x000000009d000000, 0x000000009e4c0000, 0x00000000a2200000)
  object space 21248K, 30% used [0x000000009d000000,0x000000009d669ad8,0x000000009e4c0000)
Event: 481.914 GC heap after
Heap after GC invocations=172 (full 0):
 PSYoungGen      total 6400K, used 192K [0x00000000e0b60000, 0x00000000e11e0000, 0x0000000100000000)
  eden space 6144K, 0% used [0x00000000e0b60000,0x00000000e0b60000,0x00000000e1160000)
  from space 256K, 75% used [0x00000000e11a0000,0x00000000e11d0000,0x00000000e11e0000)
  to   space 256K, 0% used [0x00000000e1160000,0x00000000e1160000,0x00000000e11a0000)
 ParOldGen       total 64064K, used 12668K [0x00000000a2200000, 0x00000000a6090000, 0x00000000e0b60000)
  object space 64064K, 19% used [0x00000000a2200000,0x00000000a2e5f090,0x00000000a6090000)
 PSPermGen       total 21248K, used 6566K [0x000000009d000000, 0x000000009e4c0000, 0x00000000a2200000)
  object space 21248K, 30% used [0x000000009d000000,0x000000009d669ad8,0x000000009e4c0000)
}
Event: 483.480 GC heap before
{Heap before GC invocations=173 (full 0):
 PSYoungGen      total 6400K, used 6336K [0x00000000e0b60000, 0x00000000e11e0000, 0x0000000100000000)
  eden space 6144K, 100% used [0x00000000e0b60000,0x00000000e1160000,0x00000000e1160000)
  from space 256K, 75% used [0x00000000e11a0000,0x00000000e11d0000,0x00000000e11e0000)
  to   space 256K, 0% used [0x00000000e1160000,0x00000000e1160000,0x00000000e11a0000)
 ParOldGen       total 64064K, used 12668K [0x00000000a2200000, 0x00000000a6090000, 0x00000000e0b60000)
  object space 64064K, 19% used [0x00000000a2200000,0x00000000a2e5f090,0x00000000a6090000)
 PSPermGen       total 21248K, used 6566K [0x000000009d000000, 0x000000009e4c0000, 0x00000000a2200000)
  object space 21248K, 30% used [0x000000009d000000,0x000000009d669ad8,0x000000009e4c0000)
Event: 483.481 GC heap after
Heap after GC invocations=173 (full 0):
 PSYoungGen      total 6400K, used 160K [0x00000000e0b60000, 0x00000000e11e0000, 0x0000000100000000)
  eden space 6144K, 0% used [0x00000000e0b60000,0x00000000e0b60000,0x00000000e1160000)
  from space 256K, 62% used [0x00000000e1160000,0x00000000e1188000,0x00000000e11a0000)
  to   space 256K, 0% used [0x00000000e11a0000,0x00000000e11a0000,0x00000000e11e0000)
 ParOldGen       total 64064K, used 12716K [0x00000000a2200000, 0x00000000a6090000, 0x00000000e0b60000)
  object space 64064K, 19% used [0x00000000a2200000,0x00000000a2e6b090,0x00000000a6090000)
 PSPermGen       total 21248K, used 6566K [0x000000009d000000, 0x000000009e4c0000, 0x00000000a2200000)
  object space 21248K, 30% used [0x000000009d000000,0x000000009d669ad8,0x000000009e4c0000)
}
Event: 485.079 GC heap before
{Heap before GC invocations=174 (full 0):
 PSYoungGen      total 6400K, used 6304K [0x00000000e0b60000, 0x00000000e11e0000, 0x0000000100000000)
  eden space 6144K, 100% used [0x00000000e0b60000,0x00000000e1160000,0x00000000e1160000)
  from space 256K, 62% used [0x00000000e1160000,0x00000000e1188000,0x00000000e11a0000)
  to   space 256K, 0% used [0x00000000e11a0000,0x00000000e11a0000,0x00000000e11e0000)
 ParOldGen       total 64064K, used 12716K [0x00000000a2200000, 0x00000000a6090000, 0x00000000e0b60000)
  object space 64064K, 19% used [0x00000000a2200000,0x00000000a2e6b090,0x00000000a6090000)
 PSPermGen       total 21248K, used 6566K [0x000000009d000000, 0x000000009e4c0000, 0x00000000a2200000)
  object space 21248K, 30% used [0x000000009d000000,0x000000009d669ad8,0x000000009e4c0000)
Event: 485.080 GC heap after
Heap after GC invocations=174 (full 0):
 PSYoungGen      total 6400K, used 160K [0x00000000e0b60000, 0x00000000e11e0000, 0x0000000100000000)
  eden space 6144K, 0% used [0x00000000e0b60000,0x00000000e0b60000,0x00000000e1160000)
  from space 256K, 62% used [0x00000000e11a0000,0x00000000e11c8000,0x00000000e11e0000)
  to   space 256K, 0% used [0x00000000e1160000,0x00000000e1160000,0x00000000e11a0000)
 ParOldGen       total 64064K, used 12764K [0x00000000a2200000, 0x00000000a6090000, 0x00000000e0b60000)
  object space 64064K, 19% used [0x00000000a2200000,0x00000000a2e77090,0x00000000a6090000)
 PSPermGen       total 21248K, used 6566K [0x000000009d000000, 0x000000009e4c0000, 0x00000000a2200000)
  object space 21248K, 30% used [0x000000009d000000,0x000000009d669ad8,0x000000009e4c0000)
}
Event: 486.646 GC heap before
{Heap before GC invocations=175 (full 0):
 PSYoungGen      total 6400K, used 6304K [0x00000000e0b60000, 0x00000000e11e0000, 0x0000000100000000)
  eden space 6144K, 100% used [0x00000000e0b60000,0x00000000e1160000,0x00000000e1160000)
  from space 256K, 62% used [0x00000000e11a0000,0x00000000e11c8000,0x00000000e11e0000)
  to   space 256K, 0% used [0x00000000e1160000,0x00000000e1160000,0x00000000e11a0000)
 ParOldGen       total 64064K, used 12764K [0x00000000a2200000, 0x00000000a6090000, 0x00000000e0b60000)
  object space 64064K, 19% used [0x00000000a2200000,0x00000000a2e77090,0x00000000a6090000)
 PSPermGen       total 21248K, used 6566K [0x000000009d000000, 0x000000009e4c0000, 0x00000000a2200000)
  object space 21248K, 30% used [0x000000009d000000,0x000000009d669ad8,0x000000009e4c0000)
Event: 486.648 GC heap after
Heap after GC invocations=175 (full 0):
 PSYoungGen      total 6400K, used 192K [0x00000000e0b60000, 0x00000000e11e0000, 0x0000000100000000)
  eden space 6144K, 0% used [0x00000000e0b60000,0x00000000e0b60000,0x00000000e1160000)
  from space 256K, 75% used [0x00000000e1160000,0x00000000e1190000,0x00000000e11a0000)
  to   space 256K, 0% used [0x00000000e11a0000,0x00000000e11a0000,0x00000000e11e0000)
 ParOldGen       total 64064K, used 12812K [0x00000000a2200000, 0x00000000a6090000, 0x00000000e0b60000)
  object space 64064K, 19% used [0x00000000a2200000,0x00000000a2e83090,0x00000000a6090000)
 PSPermGen       total 21248K, used 6566K [0x000000009d000000, 0x000000009e4c0000, 0x00000000a2200000)
  object space 21248K, 30% used [0x000000009d000000,0x000000009d669ad8,0x000000009e4c0000)
}
Event: 488.214 GC heap before
{Heap before GC invocations=176 (full 0):
 PSYoungGen      total 6400K, used 6336K [0x00000000e0b60000, 0x00000000e11e0000, 0x0000000100000000)
  eden space 6144K, 100% used [0x00000000e0b60000,0x00000000e1160000,0x00000000e1160000)
  from space 256K, 75% used [0x00000000e1160000,0x00000000e1190000,0x00000000e11a0000)
  to   space 256K, 0% used [0x00000000e11a0000,0x00000000e11a0000,0x00000000e11e0000)
 ParOldGen       total 64064K, used 12812K [0x00000000a2200000, 0x00000000a6090000, 0x00000000e0b60000)
  object space 64064K, 19% used [0x00000000a2200000,0x00000000a2e83090,0x00000000a6090000)
 PSPermGen       total 21248K, used 6566K [0x000000009d000000, 0x000000009e4c0000, 0x00000000a2200000)
  object space 21248K, 30% used [0x000000009d000000,0x000000009d669ad8,0x000000009e4c0000)
Event: 488.215 GC heap after
Heap after GC invocations=176 (full 0):
 PSYoungGen      total 6400K, used 160K [0x00000000e0b60000, 0x00000000e11e0000, 0x0000000100000000)
  eden space 6144K, 0% used [0x00000000e0b60000,0x00000000e0b60000,0x00000000e1160000)
  from space 256K, 62% used [0x00000000e11a0000,0x00000000e11c8000,0x00000000e11e0000)
  to   space 256K, 0% used [0x00000000e1160000,0x00000000e1160000,0x00000000e11a0000)
 ParOldGen       total 64064K, used 12860K [0x00000000a2200000, 0x00000000a6090000, 0x00000000e0b60000)
  object space 64064K, 20% used [0x00000000a2200000,0x00000000a2e8f090,0x00000000a6090000)
 PSPermGen       total 21248K, used 6566K [0x000000009d000000, 0x000000009e4c0000, 0x00000000a2200000)
  object space 21248K, 30% used [0x000000009d000000,0x000000009d669ad8,0x000000009e4c0000)
}

